<?xml version="1.0"?>
<component name="org.nuxeo.ecm.jwt.test.empty.secret">

  <extension target="org.nuxeo.ecm.jwt.JWTService" point="configuration">
    <configuration>
      <defaultTTL>60</defaultTTL>
      <secret></secret>
    </configuration>
  </extension>

</component>
